TN:
SF:src/utils/pricing.ts
FN:5,round2
FN:15,applyUserPricing
FN:34,(anonymous_2)
FNF:3
FNH:3
FNDA:23,round2
FNDA:24,applyUserPricing
FNDA:27,(anonymous_2)
DA:6,23
DA:16,24
DA:17,24
DA:18,24
DA:19,72
DA:22,24
DA:25,24
DA:26,21
DA:30,21
DA:31,21
DA:34,24
DA:36,27
DA:40,27
DA:42,27
DA:44,27
DA:45,9
DA:46,18
DA:47,3
DA:48,15
DA:49,11
DA:52,27
DA:53,27
DA:54,27
LF:23
LH:23
BRDA:19,0,0,72
BRDA:19,0,1,48
BRDA:25,1,0,21
BRDA:25,1,1,3
BRDA:36,2,0,1
BRDA:36,2,1,26
BRDA:36,3,0,27
BRDA:36,3,1,27
BRDA:36,3,2,1
BRDA:40,4,0,27
BRDA:40,4,1,21
BRDA:44,5,0,9
BRDA:44,5,1,18
BRDA:46,6,0,3
BRDA:46,6,1,15
BRDA:46,7,0,18
BRDA:46,7,1,3
BRDA:48,8,0,11
BRDA:48,8,1,4
BRF:19
BRH:19
end_of_record
